<?xml version="1.0" encoding="UTF-8"?>
<testsuite name="com.vintrace.breakdown.BreakdownApplicationTests" tests="1" skipped="0" failures="0" errors="0" timestamp="2022-03-13T13:59:20" hostname="GuangyuPandeMacBook-Pro.local" time="0.761">
  <properties/>
  <testcase name="contextLoads()" classname="com.vintrace.breakdown.BreakdownApplicationTests" time="0.761"/>
  <system-out><![CDATA[00:59:16.167 [Test worker] DEBUG org.springframework.test.context.BootstrapUtils - Instantiating CacheAwareContextLoaderDelegate from class [org.springframework.test.context.cache.DefaultCacheAwareContextLoaderDelegate]
00:59:16.195 [Test worker] DEBUG org.springframework.test.context.BootstrapUtils - Instantiating BootstrapContext using constructor [public org.springframework.test.context.support.DefaultBootstrapContext(java.lang.Class,org.springframework.test.context.CacheAwareContextLoaderDelegate)]
00:59:16.252 [Test worker] DEBUG org.springframework.test.context.BootstrapUtils - Instantiating TestContextBootstrapper for test class [com.vintrace.breakdown.BreakdownApplicationTests] from class [org.springframework.boot.test.context.SpringBootTestContextBootstrapper]
00:59:16.284 [Test worker] INFO org.springframework.boot.test.context.SpringBootTestContextBootstrapper - Neither @ContextConfiguration nor @ContextHierarchy found for test class [com.vintrace.breakdown.BreakdownApplicationTests], using SpringBootContextLoader
00:59:16.291 [Test worker] DEBUG org.springframework.test.context.support.AbstractContextLoader - Did not detect default resource location for test class [com.vintrace.breakdown.BreakdownApplicationTests]: class path resource [com/vintrace/breakdown/BreakdownApplicationTests-context.xml] does not exist
00:59:16.292 [Test worker] DEBUG org.springframework.test.context.support.AbstractContextLoader - Did not detect default resource location for test class [com.vintrace.breakdown.BreakdownApplicationTests]: class path resource [com/vintrace/breakdown/BreakdownApplicationTestsContext.groovy] does not exist
00:59:16.294 [Test worker] INFO org.springframework.test.context.support.AbstractContextLoader - Could not detect default resource locations for test class [com.vintrace.breakdown.BreakdownApplicationTests]: no resource found for suffixes {-context.xml, Context.groovy}.
00:59:16.295 [Test worker] INFO org.springframework.test.context.support.AnnotationConfigContextLoaderUtils - Could not detect default configuration classes for test class [com.vintrace.breakdown.BreakdownApplicationTests]: BreakdownApplicationTests does not declare any static, non-private, non-final, nested classes annotated with @Configuration.
00:59:16.380 [Test worker] DEBUG org.springframework.test.context.support.ActiveProfilesUtils - Could not find an 'annotation declaring class' for annotation type [org.springframework.test.context.ActiveProfiles] and class [com.vintrace.breakdown.BreakdownApplicationTests]
00:59:16.526 [Test worker] DEBUG org.springframework.context.annotation.ClassPathScanningCandidateComponentProvider - Identified candidate component class: file [/Users/ArielPan/Downloads/breakdown/build/classes/java/main/com/vintrace/breakdown/BreakdownApplication.class]
00:59:16.532 [Test worker] INFO org.springframework.boot.test.context.SpringBootTestContextBootstrapper - Found @SpringBootConfiguration com.vintrace.breakdown.BreakdownApplication for test class com.vintrace.breakdown.BreakdownApplicationTests
00:59:16.789 [Test worker] DEBUG org.springframework.boot.test.context.SpringBootTestContextBootstrapper - @TestExecutionListeners is not present for class [com.vintrace.breakdown.BreakdownApplicationTests]: using defaults.
00:59:16.790 [Test worker] INFO org.springframework.boot.test.context.SpringBootTestContextBootstrapper - Loaded default TestExecutionListener class names from location [META-INF/spring.factories]: [org.springframework.boot.test.autoconfigure.restdocs.RestDocsTestExecutionListener, org.springframework.boot.test.autoconfigure.web.client.MockRestServiceServerResetTestExecutionListener, org.springframework.boot.test.autoconfigure.web.servlet.MockMvcPrintOnlyOnFailureTestExecutionListener, org.springframework.boot.test.autoconfigure.web.servlet.WebDriverTestExecutionListener, org.springframework.boot.test.autoconfigure.webservices.client.MockWebServiceServerTestExecutionListener, org.springframework.boot.test.mock.mockito.MockitoTestExecutionListener, org.springframework.boot.test.mock.mockito.ResetMocksTestExecutionListener, org.springframework.test.context.web.ServletTestExecutionListener, org.springframework.test.context.support.DirtiesContextBeforeModesTestExecutionListener, org.springframework.test.context.event.ApplicationEventsTestExecutionListener, org.springframework.test.context.support.DependencyInjectionTestExecutionListener, org.springframework.test.context.support.DirtiesContextTestExecutionListener, org.springframework.test.context.transaction.TransactionalTestExecutionListener, org.springframework.test.context.jdbc.SqlScriptsTestExecutionListener, org.springframework.test.context.event.EventPublishingTestExecutionListener]
00:59:16.816 [Test worker] DEBUG org.springframework.boot.test.context.SpringBootTestContextBootstrapper - Skipping candidate TestExecutionListener [org.springframework.test.context.transaction.TransactionalTestExecutionListener] due to a missing dependency. Specify custom listener classes or make the default listener classes and their required dependencies available. Offending class: [org/springframework/transaction/TransactionDefinition]
00:59:16.817 [Test worker] DEBUG org.springframework.boot.test.context.SpringBootTestContextBootstrapper - Skipping candidate TestExecutionListener [org.springframework.test.context.jdbc.SqlScriptsTestExecutionListener] due to a missing dependency. Specify custom listener classes or make the default listener classes and their required dependencies available. Offending class: [org/springframework/transaction/interceptor/TransactionAttribute]
00:59:16.818 [Test worker] INFO org.springframework.boot.test.context.SpringBootTestContextBootstrapper - Using TestExecutionListeners: [org.springframework.test.context.web.ServletTestExecutionListener@200a26bc, org.springframework.test.context.support.DirtiesContextBeforeModesTestExecutionListener@bc57b40, org.springframework.test.context.event.ApplicationEventsTestExecutionListener@1b5bc39d, org.springframework.boot.test.mock.mockito.MockitoTestExecutionListener@655a5d9c, org.springframework.boot.test.autoconfigure.SpringBootDependencyInjectionTestExecutionListener@1494b84d, org.springframework.test.context.support.DirtiesContextTestExecutionListener@34abdee4, org.springframework.test.context.event.EventPublishingTestExecutionListener@71a9b4c7, org.springframework.boot.test.autoconfigure.restdocs.RestDocsTestExecutionListener@4628b1d3, org.springframework.boot.test.autoconfigure.web.client.MockRestServiceServerResetTestExecutionListener@77cf3f8b, org.springframework.boot.test.autoconfigure.web.servlet.MockMvcPrintOnlyOnFailureTestExecutionListener@1df98368, org.springframework.boot.test.autoconfigure.web.servlet.WebDriverTestExecutionListener@21ca139c, org.springframework.boot.test.autoconfigure.webservices.client.MockWebServiceServerTestExecutionListener@226f885f, org.springframework.boot.test.mock.mockito.ResetMocksTestExecutionListener@2cd2c8fe]
00:59:16.823 [Test worker] DEBUG org.springframework.test.context.support.AbstractDirtiesContextTestExecutionListener - Before test class: context [DefaultTestContext@2c5d601e testClass = BreakdownApplicationTests, testInstance = [null], testMethod = [null], testException = [null], mergedContextConfiguration = [WebMergedContextConfiguration@7fe083b1 testClass = BreakdownApplicationTests, locations = '{}', classes = '{class com.vintrace.breakdown.BreakdownApplication}', contextInitializerClasses = '[]', activeProfiles = '{}', propertySourceLocations = '{}', propertySourceProperties = '{org.springframework.boot.test.context.SpringBootTestContextBootstrapper=true}', contextCustomizers = set[org.springframework.boot.test.autoconfigure.actuate.metrics.MetricsExportContextCustomizerFactory$DisableMetricExportContextCustomizer@522a32b1, org.springframework.boot.test.autoconfigure.properties.PropertyMappingContextCustomizer@0, org.springframework.boot.test.autoconfigure.web.servlet.WebDriverContextCustomizerFactory$Customizer@52de51b6, org.springframework.boot.test.context.filter.ExcludeFilterContextCustomizer@781f10f2, org.springframework.boot.test.json.DuplicateJsonObjectContextCustomizerFactory$DuplicateJsonObjectContextCustomizer@17cdf2d0, org.springframework.boot.test.mock.mockito.MockitoContextCustomizer@0, org.springframework.boot.test.web.client.TestRestTemplateContextCustomizer@b70da4c, org.springframework.boot.test.context.SpringBootTestArgs@1, org.springframework.boot.test.context.SpringBootTestWebEnvironment@1b919693], resourceBasePath = 'src/main/webapp', contextLoader = 'org.springframework.boot.test.context.SpringBootContextLoader', parent = [null]], attributes = map['org.springframework.test.context.web.ServletTestExecutionListener.activateListener' -> true]], class annotated with @DirtiesContext [false] with mode [null].

  .   ____          _            __ _ _
 /\\ / ___'_ __ _ _(_)_ __  __ _ \ \ \ \
( ( )\___ | '_ | '_| | '_ \/ _` | \ \ \ \
 \\/  ___)| |_)| | | | | || (_| |  ) ) ) )
  '  |____| .__|_| |_|_| |_\__, | / / / /
 =========|_|==============|___/=/_/_/_/
 :: Spring Boot ::                (v2.6.4)

2022-03-14 00:59:17.504  INFO 6398 --- [    Test worker] c.v.breakdown.BreakdownApplicationTests  : Starting BreakdownApplicationTests using Java 11.0.8 on GuangyuPandeMacBook-Pro.local with PID 6398 (started by ArielPan in /Users/ArielPan/Downloads/breakdown)
2022-03-14 00:59:17.506  INFO 6398 --- [    Test worker] c.v.breakdown.BreakdownApplicationTests  : No active profile set, falling back to 1 default profile: "default"
2022-03-14 00:59:20.342  INFO 6398 --- [    Test worker] c.v.breakdown.BreakdownApplicationTests  : Started BreakdownApplicationTests in 3.428 seconds (JVM running for 5.87)
]]></system-out>
  <system-err><![CDATA[]]></system-err>
</testsuite>
